[25/04/2021 8:25:52 p. m.]  :  "USB\\ROOT_HUB30\\4&D858888&0&0"
[25/04/2021 8:25:52 p. m.]  :  "USB\\VID_0E8D&PID_0003\\5&262ED807&0&2"
[25/04/2021 8:25:52 p. m.]  :  "USB\\VID_0E8D&PID_0003\\5&262ED807&0&2"
[25/04/2021 8:25:52 p. m.]  :  "USB\\ROOT_HUB20\\4&14C1C731&0"
[25/04/2021 8:25:52 p. m.]  :  "USB\\VID_8087&PID_0024\\5&1A59D89A&0&1"
[25/04/2021 8:25:52 p. m.]  :  "USB\\VID_046D&PID_C534\\6&2E2F5DEF&0&2"
[25/04/2021 8:25:52 p. m.]  :  "USB\\VID_046D&PID_C534&MI_00\\7&2AB42B2&0&0000"
[25/04/2021 8:25:52 p. m.]  :  "HID\\VID_046D&PID_C534&MI_00\\8&185514C3&0&0000"
[25/04/2021 8:25:52 p. m.]  :  "USB\\VID_046D&PID_C534&MI_01\\7&2AB42B2&0&0001"
[25/04/2021 8:25:52 p. m.]  :  "USB\\VID_046D&PID_C534\\6&2E2F5DEF&0&2"
[25/04/2021 8:25:52 p. m.]  :  "USB\\VID_046D&PID_C534&MI_00\\7&2AB42B2&0&0000"
[25/04/2021 8:25:52 p. m.]  :  "HID\\VID_046D&PID_C534&MI_00\\8&185514C3&0&0000"
[25/04/2021 8:25:52 p. m.]  :  "HID\\VID_046D&PID_C534&MI_01&COL04\\8&2B853101&0&0003"
[25/04/2021 8:25:52 p. m.]  :  "HID\\VID_046D&PID_C534&MI_01&COL01\\8&2B853101&0&0000"
[25/04/2021 8:25:52 p. m.]  :  "HID\\VID_046D&PID_C534&MI_01&COL02\\8&2B853101&0&0001"
[25/04/2021 8:25:52 p. m.]  :  "USB\\ROOT_HUB20\\4&2BE5801C&0"
[25/04/2021 8:25:52 p. m.]  :  "HID\\VID_046D&PID_C534&MI_01&COL03\\8&2B853101&0&0002"
[25/04/2021 8:25:52 p. m.]  :  "USB\\VID_8087&PID_0024\\5&294335C8&0&1"
[25/04/2021 8:25:52 p. m.]  :  "HID\\VID_046D&PID_C534&MI_01&COL04\\8&2B853101&0&0003"
[25/04/2021 8:25:52 p. m.]  :  "USB\\VID_13D3&PID_5163\\NULL"
[25/04/2021 8:25:52 p. m.]  :  "HID\\VID_046D&PID_C534&MI_01&COL05\\8&2B853101&0&0004"
[25/04/2021 8:25:52 p. m.]  :  "USB\\VID_13D3&PID_5163&MI_00\\7&341DE5A7&0&0000"
[25/04/2021 8:25:52 p. m.]  :  "USB\\ROOT_HUB20\\4&2BE5801C&0"
[25/04/2021 8:25:52 p. m.]  :  "USB\\VID_8087&PID_0024\\5&294335C8&0&1"
[25/04/2021 8:25:52 p. m.]  :  "USB\\VID_13D3&PID_5163\\NULL"
[25/04/2021 8:25:52 p. m.]  :  "USB\\VID_13D3&PID_5163&MI_00\\7&341DE5A7&0&0000"
[25/04/2021 8:29:37 p. m.]  :  "USB\\ROOT_HUB30\\4&D858888&0&0"
[25/04/2021 8:29:37 p. m.]  :  "USB\\VID_0E8D&PID_0003\\5&262ED807&0&2"
[25/04/2021 8:29:37 p. m.]  :  "USB\\ROOT_HUB20\\4&14C1C731&0"
[25/04/2021 8:29:37 p. m.]  :  "USB\\VID_8087&PID_0024\\5&1A59D89A&0&1"
[25/04/2021 8:29:37 p. m.]  :  "USB\\VID_046D&PID_C534\\6&2E2F5DEF&0&2"
[25/04/2021 8:29:37 p. m.]  :  "USB\\VID_046D&PID_C534&MI_00\\7&2AB42B2&0&0000"
[25/04/2021 8:29:37 p. m.]  :  "HID\\VID_046D&PID_C534&MI_00\\8&185514C3&0&0000"
[25/04/2021 8:29:37 p. m.]  :  "USB\\VID_046D&PID_C534&MI_00\\7&2AB42B2&0&0000"
[25/04/2021 8:29:37 p. m.]  :  "HID\\VID_046D&PID_C534&MI_01&COL01\\8&2B853101&0&0000"
[25/04/2021 8:29:37 p. m.]  :  "HID\\VID_046D&PID_C534&MI_01&COL02\\8&2B853101&0&0001"
[25/04/2021 8:29:37 p. m.]  :  "HID\\VID_046D&PID_C534&MI_01&COL03\\8&2B853101&0&0002"
[25/04/2021 8:29:37 p. m.]  :  "HID\\VID_046D&PID_C534&MI_01&COL04\\8&2B853101&0&0003"
[25/04/2021 8:29:37 p. m.]  :  "HID\\VID_046D&PID_C534&MI_01&COL05\\8&2B853101&0&0004"
[25/04/2021 8:29:37 p. m.]  :  "USB\\ROOT_HUB20\\4&2BE5801C&0"
[25/04/2021 8:29:37 p. m.]  :  "HID\\VID_046D&PID_C534&MI_01&COL05\\8&2B853101&0&0004"
[25/04/2021 8:29:37 p. m.]  :  "USB\\VID_13D3&PID_5163\\NULL"
[25/04/2021 8:29:37 p. m.]  :  "USB\\VID_8087&PID_0024\\5&294335C8&0&1"
[25/04/2021 8:29:37 p. m.]  :  "USB\\VID_13D3&PID_5163\\NULL"
[25/04/2021 8:29:37 p. m.]  :  "USB\\VID_13D3&PID_5163&MI_00\\7&341DE5A7&0&0000"
